<?xml version="1.0" encoding="UTF-8"?>
<testng-results ignored="0" total="1" passed="1" failed="0" skipped="0">
  <reporter-output>
  </reporter-output>
  <suite started-at="2023-07-31T16:53:22 EDT" name="Default suite" finished-at="2023-07-31T16:53:57 EDT" duration-ms="35294">
    <groups>
    </groups>
    <test started-at="2023-07-31T16:53:22 EDT" name="Default test" finished-at="2023-07-31T16:53:57 EDT" duration-ms="35294">
      <class name="testng.TestNGDemo">
        <test-method is-config="true" signature="setUpTest()[pri:0, instance:testng.TestNGDemo@74e52ef6]" started-at="2023-07-31T16:53:22 EDT" name="setUpTest" finished-at="2023-07-31T16:53:30 EDT" duration-ms="7621" status="PASS">
          <reporter-output>
          </reporter-output>
        </test-method> <!-- setUpTest -->
        <test-method signature="googleSearch()[pri:0, instance:testng.TestNGDemo@74e52ef6]" started-at="2023-07-31T16:53:30 EDT" name="googleSearch" finished-at="2023-07-31T16:53:57 EDT" duration-ms="27306" status="PASS">
          <reporter-output>
          </reporter-output>
        </test-method> <!-- googleSearch -->
        <test-method is-config="true" signature="tearDownTest()[pri:0, instance:testng.TestNGDemo@74e52ef6]" started-at="2023-07-31T16:53:57 EDT" name="tearDownTest" finished-at="2023-07-31T16:53:57 EDT" duration-ms="305" status="PASS">
          <reporter-output>
          </reporter-output>
        </test-method> <!-- tearDownTest -->
      </class> <!-- testng.TestNGDemo -->
    </test> <!-- Default test -->
  </suite> <!-- Default suite -->
</testng-results>
